[16.12.2022 11:11:41 ] [INFO] [main] [<module>: 8] => Start
[16.12.2022 11:12:01 ] [INFO] [user_interface] [ls_menu: 44] => The user has selected item number 5
[16.12.2022 11:12:16 ] [INFO] [user_interface] [ls_menu: 46] => User entered: {name}
[16.12.2022 11:12:27 ] [INFO] [main] [<module>: 8] => Start
[16.12.2022 11:12:29 ] [INFO] [user_interface] [ls_menu: 44] => The user has selected item number 5
[16.12.2022 11:12:36 ] [INFO] [user_interface] [ls_menu: 46] => User entered: {name}
[16.12.2022 11:12:41 ] [INFO] [user_interface] [ls_menu: 48] => User entered: {surname}
[16.12.2022 11:12:57 ] [INFO] [user_interface] [ls_menu: 50] => User entered: {number}
[16.12.2022 11:13:10 ] [INFO] [user_interface] [ls_menu: 52] => User entered: {email}
[16.12.2022 11:13:14 ] [INFO] [user_interface] [ls_menu: 22] => The user has selected item number 1
[16.12.2022 11:13:43 ] [INFO] [user_interface] [ls_menu: 26] => The user has selected item number 2
[16.12.2022 11:13:52 ] [INFO] [user_interface] [ls_menu: 28] => User entered: {search}
[16.12.2022 11:14:50 ] [INFO] [user_interface] [ls_menu: 44] => The user has selected item number 5
[16.12.2022 11:15:04 ] [INFO] [user_interface] [ls_menu: 46] => User entered: {name}
[16.12.2022 11:15:19 ] [INFO] [user_interface] [ls_menu: 48] => User entered: {surname}
[16.12.2022 11:15:35 ] [INFO] [user_interface] [ls_menu: 50] => User entered: {number}
[16.12.2022 11:15:48 ] [INFO] [user_interface] [ls_menu: 52] => User entered: {email}
[16.12.2022 11:15:54 ] [INFO] [user_interface] [ls_menu: 22] => The user has selected item number 1
[16.12.2022 11:16:16 ] [INFO] [user_interface] [ls_menu: 38] => The user has selected item number 4
[16.12.2022 11:16:20 ] [INFO] [user_interface] [ls_menu: 40] => User entered: {search}
[16.12.2022 11:16:35 ] [INFO] [user_interface] [ls_menu: 38] => The user has selected item number 4
[16.12.2022 11:17:01 ] [INFO] [user_interface] [ls_menu: 40] => User entered: {search}
[16.12.2022 12:03:28 ] [INFO] [main] [<module>: 8] => Start
[16.12.2022 12:03:32 ] [INFO] [user_interface] [ls_menu: 22] => The user has selected item number 1
[16.12.2022 12:03:50 ] [INFO] [user_interface] [ls_menu: 44] => The user has selected item number 5
[16.12.2022 12:04:02 ] [INFO] [user_interface] [ls_menu: 46] => User entered: {name}
[16.12.2022 12:04:07 ] [INFO] [user_interface] [ls_menu: 48] => User entered: {surname}
[16.12.2022 12:04:16 ] [INFO] [user_interface] [ls_menu: 50] => User entered: {number}
[16.12.2022 12:04:28 ] [INFO] [user_interface] [ls_menu: 52] => User entered: {email}
[16.12.2022 12:04:31 ] [INFO] [user_interface] [ls_menu: 22] => The user has selected item number 1
[16.12.2022 12:05:42 ] [INFO] [user_interface] [ls_menu: 26] => The user has selected item number 2
[16.12.2022 12:05:48 ] [INFO] [user_interface] [ls_menu: 28] => User entered: {search}
[16.12.2022 12:05:56 ] [INFO] [user_interface] [ls_menu: 44] => The user has selected item number 5
[16.12.2022 12:05:59 ] [INFO] [user_interface] [ls_menu: 46] => User entered: {name}
[16.12.2022 12:06:02 ] [INFO] [user_interface] [ls_menu: 48] => User entered: {surname}
[16.12.2022 12:06:16 ] [INFO] [user_interface] [ls_menu: 50] => User entered: {number}
[16.12.2022 12:06:23 ] [INFO] [user_interface] [ls_menu: 52] => User entered: {email}
[16.12.2022 12:06:27 ] [INFO] [user_interface] [ls_menu: 22] => The user has selected item number 1
[16.12.2022 12:19:22 ] [INFO] [main] [<module>: 8] => Start
[16.12.2022 12:19:26 ] [INFO] [user_interface] [ls_menu: 22] => The user has selected item number 1
[16.12.2022 12:20:47 ] [INFO] [user_interface] [ls_menu: 26] => The user has selected item number 2
[16.12.2022 12:20:53 ] [INFO] [user_interface] [ls_menu: 28] => User entered: {search}
[16.12.2022 12:21:35 ] [INFO] [user_interface] [ls_menu: 141] => End
